Arguments: 
  /home/appu100x/.nvm/versions/node/v20.5.1/bin/node /home/appu100x/.yarn/releases/yarn-1.22.17.cjs add @types/websockets

PATH: 
  /home/appu100x/.vscode-server/bin/0ee08df0cf4527e40edc9aa28f4b5bd38bbff2b2/bin/remote-cli:/home/appu100x/.nvm/versions/node/v20.5.1/bin:/usr/local/sbin:/usr/local/bin:/usr/sbin:/usr/bin:/sbin:/bin:/usr/games:/usr/local/games:/usr/lib/wsl/lib:/mnt/c/Program Files/Common Files/Oracle/Java/javapath:/mnt/c/WINDOWS/system32:/mnt/c/WINDOWS:/mnt/c/WINDOWS/System32/Wbem:/mnt/c/WINDOWS/System32/WindowsPowerShell/v1.0/:/mnt/c/WINDOWS/System32/OpenSSH/:/mnt/c/Program Files/Java/jdk-18.0.2.1/bin:/mnt/c/Program Files/nodejs/:/mnt/c/Program Files/MongoDB/Server/4.4/bin:/mnt/c/Program Files/Git/cmd:/mnt/c/Program Files (x86)/Yarn/bin/:/mnt/c/Program Files/MySQL/MySQL Server 8.0/bin:/mnt/c/Program Files/Cloudflare/Cloudflare WARP/:/mnt/c/Program Files/Docker/Docker/resources/bin:/mnt/c/Program Files/MySQL/MySQL Shell 8.0/bin/:/mnt/c/Users/Bharath/AppData/Local/Microsoft/WindowsApps:/mnt/c/Users/Bharath/AppData/Local/Programs/Microsoft VS Code/bin:/mnt/c/Users/Bharath/AppData/Roaming/npm:/mnt/c/Users/Bharath/AppData/Local/Programs/mongosh/:/mnt/c/Users/Bharath/AppData/Local/Yarn/bin

Yarn version: 
  1.22.17

Node version: 
  20.5.1

Platform: 
  linux x64

Trace: 
  Error: https://registry.yarnpkg.com/@types%2fwebsockets: Not found
      at params.callback [as _callback] (/home/appu100x/.yarn/releases/yarn-1.22.17.cjs:78557:18)
      at self.callback (/home/appu100x/.yarn/releases/yarn-1.22.17.cjs:135288:22)
      at Request.emit (node:events:514:28)
      at Request.<anonymous> (/home/appu100x/.yarn/releases/yarn-1.22.17.cjs:136260:10)
      at Request.emit (node:events:514:28)
      at IncomingMessage.<anonymous> (/home/appu100x/.yarn/releases/yarn-1.22.17.cjs:136182:12)
      at Object.onceWrapper (node:events:628:28)
      at IncomingMessage.emit (node:events:526:35)
      at endReadableNT (node:internal/streams/readable:1376:12)
      at process.processTicksAndRejections (node:internal/process/task_queues:82:21)

npm manifest: 
  {
    "name": "chat_room",
    "version": "1.0.0",
    "description": "",
    "main": "index.js",
    "scripts": {
      "test": "echo \"Error: no test specified\" && exit 1"
    },
    "keywords": [],
    "author": "",
    "license": "ISC",
    "dependencies": {
      "websockets": "^0.2.0"
    }
  }

yarn manifest: 
  No manifest

Lockfile: 
  # THIS IS AN AUTOGENERATED FILE. DO NOT EDIT THIS FILE DIRECTLY.
  # yarn lockfile v1
  
  
  websockets@^0.2.0:
    version "0.2.0"
    resolved "https://registry.yarnpkg.com/websockets/-/websockets-0.2.0.tgz#ba2fe2e9768e6c5ec3abb0469c172f3789cae158"
    integrity sha512-GjhUvj0PfZMpsRI7BdyyM7wsaGDkDd3uMrFThWNyb3lQy8BxmLWxtE22W7pQpI7z703xht8j1fqVOjRkZIulUw==
